-------------------------------------------------------------------------------
Test set: com.achievement.SportApplicationTests
-------------------------------------------------------------------------------
Tests run: 1, Failures: 0, Errors: 1, Skipped: 0, Time elapsed: 0.188 s <<< FAILURE! - in com.achievement.SportApplicationTests
com.achievement.SportApplicationTests  Time elapsed: 0.187 s  <<< ERROR!
java.lang.IllegalStateException: Unable to find a @SpringBootConfiguration, you need to use @ContextConfiguration or @SpringBootTest(classes=...) with your test

