-------------------------------------------------------------------------------
Test set: com.sport.SportApplicationTests
-------------------------------------------------------------------------------
Tests run: 1, Failures: 0, Errors: 1, Skipped: 0, Time elapsed: 0.204 s <<< FAILURE! - in com.sport.SportApplicationTests
com.sport.SportApplicationTests  Time elapsed: 0.203 s  <<< ERROR!
java.lang.IllegalStateException: Unable to find a @SpringBootConfiguration, you need to use @ContextConfiguration or @SpringBootTest(classes=...) with your test

