<?xml version="1.0" encoding="UTF-8"?>
<testsuite xmlns:xsi="http://www.w3.org/2001/XMLSchema-instance" xsi:noNamespaceSchemaLocation="https://maven.apache.org/surefire/maven-surefire-plugin/xsd/surefire-test-report.xsd" name="com.dorm.DormApplicationTests" time="0.183" tests="1" errors="1" skipped="0" failures="0">
  <properties>
[...]
</properties>
  <testcase name="com.dorm.DormApplicationTests" classname="com.dorm.DormApplicationTests" time="0.183">
    <error message="Unable to find a @SpringBootConfiguration, you need to use @ContextConfiguration or @SpringBootTest(classes=...) with your test" type="java.lang.IllegalStateException">java.lang.IllegalStateException: Unable to find a @SpringBootConfiguration, you need to use @ContextConfiguration or @SpringBootTest(classes=...) with your test
</error>
    <system-out><![CDATA[21:03:17.712 [main] DEBUG org.springframework.test.context.BootstrapUtils - Instantiating CacheAwareContextLoaderDelegate from class [org.springframework.test.context.cache.DefaultCacheAwareContextLoaderDelegate]
21:03:17.718 [main] DEBUG org.springframework.test.context.BootstrapUtils - Instantiating BootstrapContext using constructor [public org.springframework.test.context.support.DefaultBootstrapContext(java.lang.Class,org.springframework.test.context.CacheAwareContextLoaderDelegate)]
21:03:17.734 [main] DEBUG org.springframework.test.context.BootstrapUtils - Instantiating TestContextBootstrapper for test class [com.dorm.DormApplicationTests] from class [org.springframework.boot.test.context.SpringBootTestContextBootstrapper]
21:03:17.746 [main] INFO org.springframework.boot.test.context.SpringBootTestContextBootstrapper - Neither @ContextConfiguration nor @ContextHierarchy found for test class [com.dorm.DormApplicationTests], using SpringBootContextLoader
21:03:17.748 [main] DEBUG org.springframework.test.context.support.AbstractContextLoader - Did not detect default resource location for test class [com.dorm.DormApplicationTests]: class path resource [com/dorm/DormApplicationTests-context.xml] does not exist
21:03:17.748 [main] DEBUG org.springframework.test.context.support.AbstractContextLoader - Did not detect default resource location for test class [com.dorm.DormApplicationTests]: class path resource [com/dorm/DormApplicationTestsContext.groovy] does not exist
21:03:17.748 [main] INFO org.springframework.test.context.support.AbstractContextLoader - Could not detect default resource locations for test class [com.dorm.DormApplicationTests]: no resource found for suffixes {-context.xml, Context.groovy}.
21:03:17.748 [main] INFO org.springframework.test.context.support.AnnotationConfigContextLoaderUtils - Could not detect default configuration classes for test class [com.dorm.DormApplicationTests]: DormApplicationTests does not declare any static, non-private, non-final, nested classes annotated with @Configuration.
21:03:17.769 [main] DEBUG org.springframework.test.context.support.ActiveProfilesUtils - Could not find an 'annotation declaring class' for annotation type [org.springframework.test.context.ActiveProfiles] and class [com.dorm.DormApplicationTests]
21:03:17.830 [main] DEBUG org.springframework.test.context.BootstrapUtils - Instantiating CacheAwareContextLoaderDelegate from class [org.springframework.test.context.cache.DefaultCacheAwareContextLoaderDelegate]
21:03:17.830 [main] DEBUG org.springframework.test.context.BootstrapUtils - Instantiating BootstrapContext using constructor [public org.springframework.test.context.support.DefaultBootstrapContext(java.lang.Class,org.springframework.test.context.CacheAwareContextLoaderDelegate)]
21:03:17.831 [main] DEBUG org.springframework.test.context.BootstrapUtils - Instantiating TestContextBootstrapper for test class [com.dorm.DormApplicationTests] from class [org.springframework.boot.test.context.SpringBootTestContextBootstrapper]
21:03:17.831 [main] INFO org.springframework.boot.test.context.SpringBootTestContextBootstrapper - Neither @ContextConfiguration nor @ContextHierarchy found for test class [com.dorm.DormApplicationTests], using SpringBootContextLoader
21:03:17.831 [main] DEBUG org.springframework.test.context.support.AbstractContextLoader - Did not detect default resource location for test class [com.dorm.DormApplicationTests]: class path resource [com/dorm/DormApplicationTests-context.xml] does not exist
21:03:17.831 [main] DEBUG org.springframework.test.context.support.AbstractContextLoader - Did not detect default resource location for test class [com.dorm.DormApplicationTests]: class path resource [com/dorm/DormApplicationTestsContext.groovy] does not exist
21:03:17.831 [main] INFO org.springframework.test.context.support.AbstractContextLoader - Could not detect default resource locations for test class [com.dorm.DormApplicationTests]: no resource found for suffixes {-context.xml, Context.groovy}.
21:03:17.831 [main] INFO org.springframework.test.context.support.AnnotationConfigContextLoaderUtils - Could not detect default configuration classes for test class [com.dorm.DormApplicationTests]: DormApplicationTests does not declare any static, non-private, non-final, nested classes annotated with @Configuration.
21:03:17.832 [main] DEBUG org.springframework.test.context.support.ActiveProfilesUtils - Could not find an 'annotation declaring class' for annotation type [org.springframework.test.context.ActiveProfiles] and class [com.dorm.DormApplicationTests]
21:03:17.850 [main] DEBUG org.springframework.test.context.BootstrapUtils - Instantiating CacheAwareContextLoaderDelegate from class [org.springframework.test.context.cache.DefaultCacheAwareContextLoaderDelegate]
21:03:17.850 [main] DEBUG org.springframework.test.context.BootstrapUtils - Instantiating BootstrapContext using constructor [public org.springframework.test.context.support.DefaultBootstrapContext(java.lang.Class,org.springframework.test.context.CacheAwareContextLoaderDelegate)]
21:03:17.850 [main] DEBUG org.springframework.test.context.BootstrapUtils - Instantiating TestContextBootstrapper for test class [com.dorm.DormApplicationTests] from class [org.springframework.boot.test.context.SpringBootTestContextBootstrapper]
21:03:17.850 [main] INFO org.springframework.boot.test.context.SpringBootTestContextBootstrapper - Neither @ContextConfiguration nor @ContextHierarchy found for test class [com.dorm.DormApplicationTests], using SpringBootContextLoader
21:03:17.851 [main] DEBUG org.springframework.test.context.support.AbstractContextLoader - Did not detect default resource location for test class [com.dorm.DormApplicationTests]: class path resource [com/dorm/DormApplicationTests-context.xml] does not exist
21:03:17.851 [main] DEBUG org.springframework.test.context.support.AbstractContextLoader - Did not detect default resource location for test class [com.dorm.DormApplicationTests]: class path resource [com/dorm/DormApplicationTestsContext.groovy] does not exist
21:03:17.851 [main] INFO org.springframework.test.context.support.AbstractContextLoader - Could not detect default resource locations for test class [com.dorm.DormApplicationTests]: no resource found for suffixes {-context.xml, Context.groovy}.
21:03:17.851 [main] INFO org.springframework.test.context.support.AnnotationConfigContextLoaderUtils - Could not detect default configuration classes for test class [com.dorm.DormApplicationTests]: DormApplicationTests does not declare any static, non-private, non-final, nested classes annotated with @Configuration.
21:03:17.852 [main] DEBUG org.springframework.test.context.support.ActiveProfilesUtils - Could not find an 'annotation declaring class' for annotation type [org.springframework.test.context.ActiveProfiles] and class [com.dorm.DormApplicationTests]
]]></system-out>
  </testcase>
</testsuite>