<?xml version="1.0" encoding="UTF-8"?>
<testsuite xmlns:xsi="http://www.w3.org/2001/XMLSchema-instance" xsi:noNamespaceSchemaLocation="https://maven.apache.org/surefire/maven-surefire-plugin/xsd/surefire-test-report.xsd" name="com.sport.SportApplicationTests" time="0.204" tests="1" errors="1" skipped="0" failures="0">
  <properties>
[...]
</properties>
  <testcase name="com.sport.SportApplicationTests" classname="com.sport.SportApplicationTests" time="0.203">
    <error message="Unable to find a @SpringBootConfiguration, you need to use @ContextConfiguration or @SpringBootTest(classes=...) with your test" type="java.lang.IllegalStateException">java.lang.IllegalStateException: Unable to find a @SpringBootConfiguration, you need to use @ContextConfiguration or @SpringBootTest(classes=...) with your test
</error>
    <system-out><![CDATA[03:36:48.843 [main] DEBUG org.springframework.test.context.BootstrapUtils - Instantiating CacheAwareContextLoaderDelegate from class [org.springframework.test.context.cache.DefaultCacheAwareContextLoaderDelegate]
03:36:48.848 [main] DEBUG org.springframework.test.context.BootstrapUtils - Instantiating BootstrapContext using constructor [public org.springframework.test.context.support.DefaultBootstrapContext(java.lang.Class,org.springframework.test.context.CacheAwareContextLoaderDelegate)]
03:36:48.866 [main] DEBUG org.springframework.test.context.BootstrapUtils - Instantiating TestContextBootstrapper for test class [com.sport.SportApplicationTests] from class [org.springframework.boot.test.context.SpringBootTestContextBootstrapper]
03:36:48.872 [main] INFO org.springframework.boot.test.context.SpringBootTestContextBootstrapper - Neither @ContextConfiguration nor @ContextHierarchy found for test class [com.sport.SportApplicationTests], using SpringBootContextLoader
03:36:48.874 [main] DEBUG org.springframework.test.context.support.AbstractContextLoader - Did not detect default resource location for test class [com.sport.SportApplicationTests]: class path resource [com/sport/SportApplicationTests-context.xml] does not exist
03:36:48.874 [main] DEBUG org.springframework.test.context.support.AbstractContextLoader - Did not detect default resource location for test class [com.sport.SportApplicationTests]: class path resource [com/sport/SportApplicationTestsContext.groovy] does not exist
03:36:48.874 [main] INFO org.springframework.test.context.support.AbstractContextLoader - Could not detect default resource locations for test class [com.sport.SportApplicationTests]: no resource found for suffixes {-context.xml, Context.groovy}.
03:36:48.875 [main] INFO org.springframework.test.context.support.AnnotationConfigContextLoaderUtils - Could not detect default configuration classes for test class [com.sport.SportApplicationTests]: SportApplicationTests does not declare any static, non-private, non-final, nested classes annotated with @Configuration.
03:36:48.898 [main] DEBUG org.springframework.test.context.support.ActiveProfilesUtils - Could not find an 'annotation declaring class' for annotation type [org.springframework.test.context.ActiveProfiles] and class [com.sport.SportApplicationTests]
03:36:48.975 [main] DEBUG org.springframework.test.context.BootstrapUtils - Instantiating CacheAwareContextLoaderDelegate from class [org.springframework.test.context.cache.DefaultCacheAwareContextLoaderDelegate]
03:36:48.975 [main] DEBUG org.springframework.test.context.BootstrapUtils - Instantiating BootstrapContext using constructor [public org.springframework.test.context.support.DefaultBootstrapContext(java.lang.Class,org.springframework.test.context.CacheAwareContextLoaderDelegate)]
03:36:48.975 [main] DEBUG org.springframework.test.context.BootstrapUtils - Instantiating TestContextBootstrapper for test class [com.sport.SportApplicationTests] from class [org.springframework.boot.test.context.SpringBootTestContextBootstrapper]
03:36:48.976 [main] INFO org.springframework.boot.test.context.SpringBootTestContextBootstrapper - Neither @ContextConfiguration nor @ContextHierarchy found for test class [com.sport.SportApplicationTests], using SpringBootContextLoader
03:36:48.976 [main] DEBUG org.springframework.test.context.support.AbstractContextLoader - Did not detect default resource location for test class [com.sport.SportApplicationTests]: class path resource [com/sport/SportApplicationTests-context.xml] does not exist
03:36:48.976 [main] DEBUG org.springframework.test.context.support.AbstractContextLoader - Did not detect default resource location for test class [com.sport.SportApplicationTests]: class path resource [com/sport/SportApplicationTestsContext.groovy] does not exist
03:36:48.976 [main] INFO org.springframework.test.context.support.AbstractContextLoader - Could not detect default resource locations for test class [com.sport.SportApplicationTests]: no resource found for suffixes {-context.xml, Context.groovy}.
03:36:48.976 [main] INFO org.springframework.test.context.support.AnnotationConfigContextLoaderUtils - Could not detect default configuration classes for test class [com.sport.SportApplicationTests]: SportApplicationTests does not declare any static, non-private, non-final, nested classes annotated with @Configuration.
03:36:48.977 [main] DEBUG org.springframework.test.context.support.ActiveProfilesUtils - Could not find an 'annotation declaring class' for annotation type [org.springframework.test.context.ActiveProfiles] and class [com.sport.SportApplicationTests]
03:36:48.996 [main] DEBUG org.springframework.test.context.BootstrapUtils - Instantiating CacheAwareContextLoaderDelegate from class [org.springframework.test.context.cache.DefaultCacheAwareContextLoaderDelegate]
03:36:48.996 [main] DEBUG org.springframework.test.context.BootstrapUtils - Instantiating BootstrapContext using constructor [public org.springframework.test.context.support.DefaultBootstrapContext(java.lang.Class,org.springframework.test.context.CacheAwareContextLoaderDelegate)]
03:36:48.997 [main] DEBUG org.springframework.test.context.BootstrapUtils - Instantiating TestContextBootstrapper for test class [com.sport.SportApplicationTests] from class [org.springframework.boot.test.context.SpringBootTestContextBootstrapper]
03:36:48.997 [main] INFO org.springframework.boot.test.context.SpringBootTestContextBootstrapper - Neither @ContextConfiguration nor @ContextHierarchy found for test class [com.sport.SportApplicationTests], using SpringBootContextLoader
03:36:48.998 [main] DEBUG org.springframework.test.context.support.AbstractContextLoader - Did not detect default resource location for test class [com.sport.SportApplicationTests]: class path resource [com/sport/SportApplicationTests-context.xml] does not exist
03:36:48.998 [main] DEBUG org.springframework.test.context.support.AbstractContextLoader - Did not detect default resource location for test class [com.sport.SportApplicationTests]: class path resource [com/sport/SportApplicationTestsContext.groovy] does not exist
03:36:48.998 [main] INFO org.springframework.test.context.support.AbstractContextLoader - Could not detect default resource locations for test class [com.sport.SportApplicationTests]: no resource found for suffixes {-context.xml, Context.groovy}.
03:36:48.998 [main] INFO org.springframework.test.context.support.AnnotationConfigContextLoaderUtils - Could not detect default configuration classes for test class [com.sport.SportApplicationTests]: SportApplicationTests does not declare any static, non-private, non-final, nested classes annotated with @Configuration.
03:36:49.000 [main] DEBUG org.springframework.test.context.support.ActiveProfilesUtils - Could not find an 'annotation declaring class' for annotation type [org.springframework.test.context.ActiveProfiles] and class [com.sport.SportApplicationTests]
]]></system-out>
  </testcase>
</testsuite>